[debug] [2023-06-30T10:07:53.090Z] ----------------------------------------------------------------------
[debug] [2023-06-30T10:07:53.092Z] Command:       C:\Program Files\nodejs\node.exe C:\Users\admin\AppData\Roaming\npm\node_modules\firebase-tools\lib\bin\firebase.js init
[debug] [2023-06-30T10:07:53.093Z] CLI Version:   12.4.2
[debug] [2023-06-30T10:07:53.093Z] Platform:      win32
[debug] [2023-06-30T10:07:53.093Z] Node Version:  v18.16.0
[debug] [2023-06-30T10:07:53.094Z] Time:          Fri Jun 30 2023 15:37:53 GMT+0530 (India Standard Time)
[debug] [2023-06-30T10:07:53.094Z] ----------------------------------------------------------------------
[debug] 
[debug] [2023-06-30T10:07:53.101Z] > command requires scopes: ["email","openid","https://www.googleapis.com/auth/cloudplatformprojects.readonly","https://www.googleapis.com/auth/firebase","https://www.googleapis.com/auth/cloud-platform"]
[debug] [2023-06-30T10:07:53.102Z] > authorizing via signed-in user (bskamble2011@gmail.com)
[info] 
     ######## #### ########  ######## ########     ###     ######  ########
     ##        ##  ##     ## ##       ##     ##  ##   ##  ##       ##
     ######    ##  ########  ######   ########  #########  ######  ######
     ##        ##  ##    ##  ##       ##     ## ##     ##       ## ##
     ##       #### ##     ## ######## ########  ##     ##  ######  ########

You're about to initialize a Firebase project in this directory:

  D:\GIT\bskambleweb\bskweb

[info] 
=== Project Setup
[info] 
[info] First, let's associate this project directory with a Firebase project.
[info] You can create multiple project aliases by running firebase use --add, 
[info] but for now we'll just set up a default project.
[info] 
[info] i  If you want to create a project in a Google Cloud organization or folder, please use "firebase projects:create" instead, and return to this command when you've created the project. 
